<?xml version="1.0" encoding="UTF-8"?>
<!-- Generated by org.testng.reporters.JUnitXMLReporter -->
<testsuite ignored="0" hostname="DESKTOP-S7KHIBK" failures="1" tests="1" name="Test" time="34.743" errors="0" timestamp="2023-02-15T22:54:47 IST">
  <testcase classname="testNG.VerifyBuyProduct" name="verifyAddtoCartProduct" time="16.833">
    <failure type="java.lang.AssertionError" message="The following asserts failed:
	product Name is Wrong expected [IKALL K475 Smartphone (4GB, 64GB) (Sky Blue)] but found [Tecno Spark 9 (Infinity Black, 6GB RAM,128GB Storage) | 11GB Expandable RAM | Helio G37 Gaming Processor],
	MRP is wrong expected [9999] but found [8,999],
	given discount  is wrong expected [0] but found [],
	given discount  is wrong expected [6299] but found [8,999]">
      <![CDATA[java.lang.AssertionError: The following asserts failed:
product Name is Wrong expected [IKALL K475 Smartphone (4GB, 64GB) (Sky Blue)] but found [Tecno Spark 9 (Infinity Black, 6GB RAM,128GB Storage) | 11GB Expandable RAM | Helio G37 Gaming Processor],
MRP is wrong expected [9999] but found [8,999],
given discount  is wrong expected [0] but found [],
given discount  is wrong expected [6299] but found [8,999]
at testNG.VerifyBuyProduct.verifyAddtoCartProduct(VerifyBuyProduct.java:91)
at java.base/java.util.ArrayList.forEach(ArrayList.java:1511)
... Removed 29 stack frames]]>
    </failure>
  </testcase> <!-- verifyAddtoCartProduct -->
</testsuite> <!-- Test -->
