<?xml version="1.0" encoding="UTF-8"?>
<!-- Generated by org.testng.reporters.JUnitXMLReporter -->
<testsuite ignored="0" hostname="DESKTOP-S7KHIBK" failures="0" tests="1" name="Default test" time="0.134" errors="0" timestamp="2023-02-09T10:23:38 IST">
  <testcase classname="testNG.VerifyRegistrastion" name="@BeforeTest lauchBrowser" time="-1.67591841793E9">
    <failure type="org.testng.TestNGException" message="
Parameter &amp;apos;browser123&amp;apos; is required by BeforeTest on method lauchBrowser but has not been marked @Optional or defined
in C:\Users\Admin\AppData\Local\Temp\testng-eclipse--348561966\testng-customsuite.xml">
      <![CDATA[org.testng.TestNGException: 
Parameter 'browser123' is required by BeforeTest on method lauchBrowser but has not been marked @Optional or defined
in C:\Users\Admin\AppData\Local\Temp\testng-eclipse--348561966\testng-customsuite.xml
at org.testng.internal.Parameters.createParams(Parameters.java:270)
at org.testng.internal.Parameters.createParametersForMethod(Parameters.java:358)
at org.testng.internal.Parameters.createParameters(Parameters.java:700)
at org.testng.internal.Parameters.createConfigurationParameters(Parameters.java:168)
at org.testng.internal.ConfigInvoker.invokeConfigurations(ConfigInvoker.java:302)
at org.testng.TestRunner.invokeTestConfigurations(TestRunner.java:637)
at org.testng.TestRunner.beforeRun(TestRunner.java:627)
at org.testng.TestRunner.run(TestRunner.java:589)
at org.testng.SuiteRunner.runTest(SuiteRunner.java:377)
at org.testng.SuiteRunner.runSequentially(SuiteRunner.java:371)
at org.testng.SuiteRunner.privateRun(SuiteRunner.java:332)
at org.testng.SuiteRunner.run(SuiteRunner.java:276)
at org.testng.SuiteRunnerWorker.runSuite(SuiteRunnerWorker.java:53)
at org.testng.SuiteRunnerWorker.run(SuiteRunnerWorker.java:96)
at org.testng.TestNG.runSuitesSequentially(TestNG.java:1212)
at org.testng.TestNG.runSuitesLocally(TestNG.java:1134)
at org.testng.TestNG.runSuites(TestNG.java:1063)
at org.testng.TestNG.run(TestNG.java:1031)
at org.testng.remote.AbstractRemoteTestNG.run(AbstractRemoteTestNG.java:115)
at org.testng.remote.RemoteTestNG.initAndRun(RemoteTestNG.java:251)
at org.testng.remote.RemoteTestNG.main(RemoteTestNG.java:77)
]]>
    </failure>
  </testcase> <!-- @BeforeTest lauchBrowser -->
  <testcase classname="testNG.VerifyRegistrastion" name="@BeforeClass CreateObjects" time="-1.67591841798E9">
    <skipped/>
  </testcase> <!-- @BeforeClass CreateObjects -->
  <testcase classname="testNG.VerifyRegistrastion" name="@BeforeMethod lunchUrl" time="-1.675918418014E9">
    <skipped/>
  </testcase> <!-- @BeforeMethod lunchUrl -->
  <testcase classname="testNG.VerifyRegistrastion" name="@AfterMethod takeScreenShotOfFailMethod" time="-1.675918418035E9">
    <skipped/>
  </testcase> <!-- @AfterMethod takeScreenShotOfFailMethod -->
  <testcase classname="testNG.VerifyRegistrastion" name="@AfterClass makeNullAllObjects" time="-1.67591841804E9">
    <skipped/>
  </testcase> <!-- @AfterClass makeNullAllObjects -->
  <testcase classname="testNG.VerifyRegistrastion" name="@AfterTest closeBrowser" time="-1.675918418046E9">
    <skipped/>
  </testcase> <!-- @AfterTest closeBrowser -->
  <testcase classname="testNG.VerifyRegistrastion" name="verifyRegistration" time="0.0">
    <skipped/>
  </testcase> <!-- verifyRegistration -->
</testsuite> <!-- Default test -->
