<?xml version="1.0" encoding="UTF-8"?>
<testng-results ignored="0" total="1" passed="0" failed="1" skipped="0">
  <reporter-output>
  </reporter-output>
  <suite started-at="2023-02-15T22:54:13 IST" name="Suite" finished-at="2023-02-15T22:54:47 IST" duration-ms="34743">
    <groups>
    </groups>
    <test started-at="2023-02-15T22:54:13 IST" name="Test" finished-at="2023-02-15T22:54:47 IST" duration-ms="34743">
      <class name="testNG.VerifyBuyProduct">
        <test-method is-config="true" signature="openBrowser(java.lang.String)[pri:0, instance:testNG.VerifyBuyProduct@3e84448c]" started-at="2023-02-15T22:54:13 IST" name="openBrowser" finished-at="2023-02-15T22:54:17 IST" duration-ms="4674" status="PASS">
          <params>
            <param index="0">
              <value>
                <![CDATA[Chrome]]>
              </value>
            </param>
          </params>
          <reporter-output>
          </reporter-output>
        </test-method> <!-- openBrowser -->
        <test-method is-config="true" signature="createObjects()[pri:0, instance:testNG.VerifyBuyProduct@3e84448c]" started-at="2023-02-15T22:54:17 IST" name="createObjects" finished-at="2023-02-15T22:54:17 IST" duration-ms="89" status="PASS">
          <reporter-output>
          </reporter-output>
        </test-method> <!-- createObjects -->
        <test-method is-config="true" signature="launchURL()[pri:0, instance:testNG.VerifyBuyProduct@3e84448c]" started-at="2023-02-15T22:54:17 IST" name="launchURL" finished-at="2023-02-15T22:54:30 IST" duration-ms="12975" status="PASS">
          <reporter-output>
          </reporter-output>
        </test-method> <!-- launchURL -->
        <test-method signature="verifyAddtoCartProduct()[pri:0, instance:testNG.VerifyBuyProduct@3e84448c]" started-at="2023-02-15T22:54:30 IST" name="verifyAddtoCartProduct" finished-at="2023-02-15T22:54:47 IST" duration-ms="16833" status="FAIL">
          <exception class="java.lang.AssertionError">
            <message>
              <![CDATA[The following asserts failed:
product Name is Wrong expected [IKALL K475 Smartphone (4GB, 64GB) (Sky Blue)] but found [Tecno Spark 9 (Infinity Black, 6GB RAM,128GB Storage) | 11GB Expandable RAM | Helio G37 Gaming Processor],
MRP is wrong expected [9999] but found [8,999],
given discount  is wrong expected [0] but found [],
given discount  is wrong expected [6299] but found [8,999]]]>
            </message>
            <full-stacktrace>
              <![CDATA[java.lang.AssertionError: The following asserts failed:
product Name is Wrong expected [IKALL K475 Smartphone (4GB, 64GB) (Sky Blue)] but found [Tecno Spark 9 (Infinity Black, 6GB RAM,128GB Storage) | 11GB Expandable RAM | Helio G37 Gaming Processor],
MRP is wrong expected [9999] but found [8,999],
given discount  is wrong expected [0] but found [],
given discount  is wrong expected [6299] but found [8,999]
at org.testng.asserts.SoftAssert.assertAll(SoftAssert.java:47)
at org.testng.asserts.SoftAssert.assertAll(SoftAssert.java:31)
at testNG.VerifyBuyProduct.verifyAddtoCartProduct(VerifyBuyProduct.java:91)
at java.base/jdk.internal.reflect.NativeMethodAccessorImpl.invoke0(Native Method)
at java.base/jdk.internal.reflect.NativeMethodAccessorImpl.invoke(NativeMethodAccessorImpl.java:77)
at java.base/jdk.internal.reflect.DelegatingMethodAccessorImpl.invoke(DelegatingMethodAccessorImpl.java:43)
at java.base/java.lang.reflect.Method.invoke(Method.java:568)
at org.testng.internal.MethodInvocationHelper.invokeMethod(MethodInvocationHelper.java:133)
at org.testng.internal.TestInvoker.invokeMethod(TestInvoker.java:598)
at org.testng.internal.TestInvoker.invokeTestMethod(TestInvoker.java:173)
at org.testng.internal.MethodRunner.runInSequence(MethodRunner.java:46)
at org.testng.internal.TestInvoker$MethodInvocationAgent.invoke(TestInvoker.java:824)
at org.testng.internal.TestInvoker.invokeTestMethods(TestInvoker.java:146)
at org.testng.internal.TestMethodWorker.invokeTestMethods(TestMethodWorker.java:146)
at org.testng.internal.TestMethodWorker.run(TestMethodWorker.java:128)
at java.base/java.util.ArrayList.forEach(ArrayList.java:1511)
at org.testng.TestRunner.privateRun(TestRunner.java:794)
at org.testng.TestRunner.run(TestRunner.java:596)
at org.testng.SuiteRunner.runTest(SuiteRunner.java:377)
at org.testng.SuiteRunner.runSequentially(SuiteRunner.java:371)
at org.testng.SuiteRunner.privateRun(SuiteRunner.java:332)
at org.testng.SuiteRunner.run(SuiteRunner.java:276)
at org.testng.SuiteRunnerWorker.runSuite(SuiteRunnerWorker.java:53)
at org.testng.SuiteRunnerWorker.run(SuiteRunnerWorker.java:96)
at org.testng.TestNG.runSuitesSequentially(TestNG.java:1212)
at org.testng.TestNG.runSuitesLocally(TestNG.java:1134)
at org.testng.TestNG.runSuites(TestNG.java:1063)
at org.testng.TestNG.run(TestNG.java:1031)
at org.testng.remote.AbstractRemoteTestNG.run(AbstractRemoteTestNG.java:115)
at org.testng.remote.RemoteTestNG.initAndRun(RemoteTestNG.java:251)
at org.testng.remote.RemoteTestNG.main(RemoteTestNG.java:77)
]]>
            </full-stacktrace>
          </exception> <!-- java.lang.AssertionError -->
          <reporter-output>
          </reporter-output>
        </test-method> <!-- verifyAddtoCartProduct -->
        <test-method is-config="true" signature="makeAllObjectsNull()[pri:0, instance:testNG.VerifyBuyProduct@3e84448c]" started-at="2023-02-15T22:54:47 IST" name="makeAllObjectsNull" finished-at="2023-02-15T22:54:47 IST" duration-ms="1" status="PASS">
          <reporter-output>
          </reporter-output>
        </test-method> <!-- makeAllObjectsNull -->
        <test-method is-config="true" signature="closeBrowser()[pri:0, instance:testNG.VerifyBuyProduct@3e84448c]" started-at="2023-02-15T22:54:47 IST" name="closeBrowser" finished-at="2023-02-15T22:54:47 IST" duration-ms="41" status="PASS">
          <reporter-output>
          </reporter-output>
        </test-method> <!-- closeBrowser -->
      </class> <!-- testNG.VerifyBuyProduct -->
    </test> <!-- Test -->
  </suite> <!-- Suite -->
</testng-results>
